[debug] [2019-09-26T03:05:57.234Z] ----------------------------------------------------------------------
[debug] [2019-09-26T03:05:57.244Z] Command:       C:\Program Files\nodejs\node.exe C:\Users\emora\AppData\Roaming\npm\node_modules\firebase-tools\lib\bin\firebase.js serve
[debug] [2019-09-26T03:05:57.245Z] CLI Version:   7.3.2
[debug] [2019-09-26T03:05:57.245Z] Platform:      win32
[debug] [2019-09-26T03:05:57.245Z] Node Version:  v10.16.0
[debug] [2019-09-26T03:05:57.248Z] Time:          Wed Sep 25 2019 23:05:57 GMT-0400 (Eastern Daylight Time)
[debug] [2019-09-26T03:05:57.249Z] ----------------------------------------------------------------------
[debug] 
[debug] [2019-09-26T03:05:57.324Z] > command requires scopes: ["email","openid","https://www.googleapis.com/auth/cloudplatformprojects.readonly","https://www.googleapis.com/auth/firebase","https://www.googleapis.com/auth/cloud-platform"]
[debug] [2019-09-26T03:05:57.327Z] > authorizing via signed-in user
[debug] [2019-09-26T03:05:57.328Z] [iam] checking project the-skin-suite for permissions ["firebase.projects.get"]
[debug] [2019-09-26T03:05:57.337Z] >>> HTTP REQUEST POST https://cloudresourcemanager.googleapis.com/v1/projects/the-skin-suite:testIamPermissions  

[debug] [2019-09-26T03:05:57.771Z] <<< HTTP RESPONSE 200
[debug] [2019-09-26T03:05:57.777Z] >>> HTTP REQUEST GET https://firebase.googleapis.com/v1beta1/projects/the-skin-suite  
 
[debug] [2019-09-26T03:05:58.011Z] <<< HTTP RESPONSE 200
[info] 
[info] === Serving from 'C:\Users\emora\Desktop\paper-kit-react-master\paper-kit-react-master-file'...
[info] 
[debug] [2019-09-26T03:05:58.023Z] >>> HTTP REQUEST GET https://firebase.googleapis.com/v1beta1/projects/the-skin-suite/webApps/-/config  
 
[debug] [2019-09-26T03:05:58.408Z] <<< HTTP RESPONSE 200
[info] i  hosting: Serving hosting files from: paper-kit-react-master-file
[info] +  hosting: Local server: http://localhost:5000
